Jan-23 14:51:34.684 [main] DEBUG nextflow.cli.Launcher - $> nextflow run main.nf -profile docker --input ../input_data/Nuubo_dataset.csv --participant_id Nuubo --challenge_id 'BAIHA:BAIHA_sex-bias-training-datasets' --consolidation_result ./consolidation_output --validation_result ./validation_output --assessment_result ./metrics_output --outdir ./output
Jan-23 14:51:34.785 [main] INFO  nextflow.cli.CmdRun - N E X T F L O W  ~  version 23.10.0
Jan-23 14:51:34.800 [main] DEBUG nextflow.plugin.PluginsFacade - Setting up plugin manager > mode=prod; embedded=false; plugins-dir=/home/cfurtick/.nextflow/plugins; core-plugins: nf-amazon@2.1.4,nf-azure@1.3.2,nf-cloudcache@0.3.0,nf-codecommit@0.1.5,nf-console@1.0.6,nf-ga4gh@1.1.0,nf-google@1.8.3,nf-tower@1.6.3,nf-wave@1.0.0
Jan-23 14:51:34.808 [main] INFO  o.pf4j.DefaultPluginStatusProvider - Enabled plugins: []
Jan-23 14:51:34.809 [main] INFO  o.pf4j.DefaultPluginStatusProvider - Disabled plugins: []
Jan-23 14:51:34.812 [main] INFO  org.pf4j.DefaultPluginManager - PF4J version 3.4.1 in 'deployment' mode
Jan-23 14:51:34.821 [main] INFO  org.pf4j.AbstractPluginManager - No plugins
Jan-23 14:51:34.836 [main] DEBUG nextflow.config.ConfigBuilder - Found config local: /home/cfurtick/Desktop/Projects/Severo Ochoa/Sex Bias in Afib ECGs/Training Dataset Workflow/nextflow.config
Jan-23 14:51:34.837 [main] DEBUG nextflow.config.ConfigBuilder - Parsing config file: /home/cfurtick/Desktop/Projects/Severo Ochoa/Sex Bias in Afib ECGs/Training Dataset Workflow/nextflow.config
Jan-23 14:51:34.860 [main] DEBUG nextflow.config.ConfigBuilder - Applying config profile: `docker`
Jan-23 14:51:35.355 [main] DEBUG nextflow.config.ConfigBuilder - Available config profiles: [docker]
Jan-23 14:51:35.387 [main] DEBUG nextflow.cli.CmdRun - Applied DSL=2 from script declararion
Jan-23 14:51:35.399 [main] INFO  nextflow.cli.CmdRun - Launching `main.nf` [kickass_golick] DSL2 - revision: 3d067b6fb7
Jan-23 14:51:35.399 [main] DEBUG nextflow.plugin.PluginsFacade - Plugins default=[]
Jan-23 14:51:35.399 [main] DEBUG nextflow.plugin.PluginsFacade - Plugins resolved requirement=[]
Jan-23 14:51:35.407 [main] DEBUG n.secret.LocalSecretsProvider - Secrets store: /home/cfurtick/.nextflow/secrets/store.json
Jan-23 14:51:35.409 [main] DEBUG nextflow.secret.SecretsLoader - Discovered secrets providers: [nextflow.secret.LocalSecretsProvider@17461db] - activable => nextflow.secret.LocalSecretsProvider@17461db
Jan-23 14:51:35.466 [main] DEBUG nextflow.Session - Session UUID: 2ada74d1-aeca-4b9c-a982-bb05ba74fc1b
Jan-23 14:51:35.466 [main] DEBUG nextflow.Session - Run name: kickass_golick
Jan-23 14:51:35.466 [main] DEBUG nextflow.Session - Executor pool size: 8
Jan-23 14:51:35.472 [main] DEBUG nextflow.file.FilePorter - File porter settings maxRetries=3; maxTransfers=50; pollTimeout=null
Jan-23 14:51:35.475 [main] DEBUG nextflow.util.ThreadPoolBuilder - Creating thread pool 'FileTransfer' minSize=10; maxSize=24; workQueue=LinkedBlockingQueue[10000]; allowCoreThreadTimeout=false
Jan-23 14:51:35.491 [main] DEBUG nextflow.cli.CmdRun - 
  Version: 23.10.0 build 5889
  Created: 15-10-2023 15:07 UTC (17:07 CEST)
  System: Linux 6.2.0-39-generic
  Runtime: Groovy 3.0.19 on OpenJDK 64-Bit Server VM 11.0.21+9-post-Ubuntu-0ubuntu122.04
  Encoding: UTF-8 (UTF-8)
  Process: 177967@BSC-8488184106 [127.0.1.1]
  CPUs: 8 - Mem: 31.1 GB (9.4 GB) - Swap: 0 (0)
Jan-23 14:51:35.505 [main] DEBUG nextflow.file.FileHelper - Can't check if specified path is NFS (1): /home/cfurtick/Desktop/Projects/Severo Ochoa/Sex Bias in Afib ECGs/Training Dataset Workflow/work

Jan-23 14:51:35.505 [main] DEBUG nextflow.Session - Work-dir: /home/cfurtick/Desktop/Projects/Severo Ochoa/Sex Bias in Afib ECGs/Training Dataset Workflow/work [null]
Jan-23 14:51:35.505 [main] DEBUG nextflow.Session - Script base path does not exist or is not a directory: /home/cfurtick/Desktop/Projects/Severo Ochoa/Sex Bias in Afib ECGs/Training Dataset Workflow/bin
Jan-23 14:51:35.512 [main] DEBUG nextflow.executor.ExecutorFactory - Extension executors providers=[]
Jan-23 14:51:35.519 [main] DEBUG nextflow.Session - Observer factory: DefaultObserverFactory
Jan-23 14:51:35.549 [main] DEBUG nextflow.cache.CacheFactory - Using Nextflow cache factory: nextflow.cache.DefaultCacheFactory
Jan-23 14:51:35.556 [main] DEBUG nextflow.util.CustomThreadPool - Creating default thread pool > poolSize: 9; maxThreads: 1000
Jan-23 14:51:35.606 [main] DEBUG nextflow.Session - Session start
Jan-23 14:51:35.610 [main] DEBUG nextflow.trace.TraceFileObserver - Workflow started -- trace file: /home/cfurtick/Desktop/Projects/Severo Ochoa/Sex Bias in Afib ECGs/Training Dataset Workflow/stats/trace.txt
Jan-23 14:51:36.152 [main] DEBUG nextflow.script.ScriptRunner - > Launching execution
Jan-23 14:51:36.158 [main] WARN  nextflow.script.ScriptBinding - Access to undefined parameter `help` -- Initialise it to a default value eg. `params.help = some_value`
Jan-23 14:51:36.164 [main] WARN  nextflow.script.ScriptBinding - Access to undefined parameter `data_model_export_dir` -- Initialise it to a default value eg. `params.data_model_export_dir = some_value`
Jan-23 14:51:36.164 [main] INFO  nextflow.Nextflow -          ============================
         BAIHA BENCHMARKING PIPELINE
         ============================
         challenge: training_dataset
         input directory: ../input_data/Nuubo_dataset.csv
         dataset name : Nuubo
         benchmarking community = BAIHA
         validation results directory: ./validation_output
         metrics results directory: ./metrics_output
         consolidated benchmark results directory: ./consolidation_output
		 results directory: ./output
         statistics results about nextflow run: stats
         directory with community-specific results: other
         output for level 1 directory: null
         
Jan-23 14:51:36.259 [main] DEBUG nextflow.script.ProcessConfig - Config settings `withName:validation` matches process validation
Jan-23 14:51:36.280 [main] DEBUG nextflow.executor.ExecutorFactory - << taskConfig executor: null
Jan-23 14:51:36.280 [main] DEBUG nextflow.executor.ExecutorFactory - >> processorType: 'local'
Jan-23 14:51:36.291 [main] DEBUG nextflow.executor.Executor - [warm up] executor > local
Jan-23 14:51:36.295 [main] DEBUG n.processor.LocalPollingMonitor - Creating local task monitor for executor 'local' > cpus=8; memory=31.1 GB; capacity=8; pollInterval=100ms; dumpInterval=5m
Jan-23 14:51:36.297 [main] DEBUG n.processor.TaskPollingMonitor - >>> barrier register (monitor: local)
Jan-23 14:51:36.380 [main] DEBUG nextflow.script.ProcessConfig - Config settings `withName:compute_metrics` matches process compute_metrics
Jan-23 14:51:36.382 [main] DEBUG nextflow.executor.ExecutorFactory - << taskConfig executor: null
Jan-23 14:51:36.382 [main] DEBUG nextflow.executor.ExecutorFactory - >> processorType: 'local'
Jan-23 14:51:36.388 [main] DEBUG nextflow.script.ProcessConfig - Config settings `withName:consolidation` matches process consolidation
Jan-23 14:51:36.389 [main] DEBUG nextflow.executor.ExecutorFactory - << taskConfig executor: null
Jan-23 14:51:36.389 [main] DEBUG nextflow.executor.ExecutorFactory - >> processorType: 'local'
Jan-23 14:51:36.393 [main] DEBUG nextflow.Session - Workflow process names [dsl2]: compute_metrics, consolidation, validation
Jan-23 14:51:36.394 [main] DEBUG nextflow.Session - Igniting dataflow network (3)
Jan-23 14:51:36.394 [main] DEBUG nextflow.processor.TaskProcessor - Starting process > validation
Jan-23 14:51:36.394 [main] DEBUG nextflow.processor.TaskProcessor - Starting process > compute_metrics
Jan-23 14:51:36.395 [main] DEBUG nextflow.processor.TaskProcessor - Starting process > consolidation
Jan-23 14:51:36.395 [main] DEBUG nextflow.script.ScriptRunner - Parsed script files:
  Script_6079c24c8dad0c82: /home/cfurtick/Desktop/Projects/Severo Ochoa/Sex Bias in Afib ECGs/Training Dataset Workflow/main.nf
Jan-23 14:51:36.395 [main] DEBUG nextflow.script.ScriptRunner - > Awaiting termination 
Jan-23 14:51:36.395 [main] DEBUG nextflow.Session - Session await
Jan-23 14:51:36.525 [Task submitter] DEBUG n.executor.local.LocalTaskHandler - Launch cmd line: /bin/bash -ue .command.run
Jan-23 14:51:36.528 [Task submitter] INFO  nextflow.Session - [69/0569e0] Submitted process > validation (Validating training dataset format)
Jan-23 14:51:36.537 [Task submitter] DEBUG n.executor.local.LocalTaskHandler - Launch cmd line: /bin/bash -ue .command.run
Jan-23 14:51:36.537 [Task submitter] INFO  nextflow.Session - [6a/12a753] Submitted process > consolidation (Performing benchmark assessment and building plots)
Jan-23 14:51:37.459 [Task monitor] DEBUG n.processor.TaskPollingMonitor - Task completed > TaskHandler[id: 1; name: validation (Validating training dataset format); status: COMPLETED; exit: 0; error: -; workDir: /home/cfurtick/Desktop/Projects/Severo Ochoa/Sex Bias in Afib ECGs/Training Dataset Workflow/work/69/0569e087200258649b0580359804fe]
Jan-23 14:51:37.478 [Task monitor] DEBUG nextflow.util.ThreadPoolBuilder - Creating thread pool 'PublishDir' minSize=10; maxSize=24; workQueue=LinkedBlockingQueue[10000]; allowCoreThreadTimeout=false
Jan-23 14:51:37.482 [Task submitter] DEBUG n.executor.local.LocalTaskHandler - Launch cmd line: /bin/bash -ue .command.run
Jan-23 14:51:37.482 [Task submitter] INFO  nextflow.Session - [61/b95c15] Submitted process > compute_metrics (Computing metrics for training dataset)
Jan-23 14:51:38.108 [Task monitor] DEBUG n.processor.TaskPollingMonitor - Task completed > TaskHandler[id: 2; name: consolidation (Performing benchmark assessment and building plots); status: COMPLETED; exit: 0; error: -; workDir: /home/cfurtick/Desktop/Projects/Severo Ochoa/Sex Bias in Afib ECGs/Training Dataset Workflow/work/6a/12a75399170e1c9d1d3eb5962c11fa]
Jan-23 14:51:38.394 [Task monitor] DEBUG n.processor.TaskPollingMonitor - Task completed > TaskHandler[id: 3; name: compute_metrics (Computing metrics for training dataset); status: COMPLETED; exit: 0; error: -; workDir: /home/cfurtick/Desktop/Projects/Severo Ochoa/Sex Bias in Afib ECGs/Training Dataset Workflow/work/61/b95c15c89001240445b40382f9ae91]
Jan-23 14:51:38.396 [main] DEBUG nextflow.Session - Session await > all processes finished
Jan-23 14:51:38.397 [Task monitor] DEBUG n.processor.TaskPollingMonitor - <<< barrier arrives (monitor: local) - terminating tasks monitor poll loop
Jan-23 14:51:38.397 [main] DEBUG nextflow.Session - Session await > all barriers passed
Jan-23 14:51:38.399 [main] DEBUG nextflow.util.ThreadPoolManager - Thread pool 'PublishDir' shutdown completed (hard=false)
Jan-23 14:51:38.401 [main] INFO  nextflow.script.BaseScript - Done!
Jan-23 14:51:38.404 [main] DEBUG n.trace.WorkflowStatsObserver - Workflow completed > WorkflowStats[succeededCount=3; failedCount=0; ignoredCount=0; cachedCount=0; pendingCount=0; submittedCount=0; runningCount=0; retriesCount=0; abortedCount=0; succeedDuration=1.9s; failedDuration=0ms; cachedDuration=0ms;loadCpus=0; loadMemory=0; peakRunning=2; peakCpus=2; peakMemory=0; ]
Jan-23 14:51:38.404 [main] DEBUG nextflow.trace.TraceFileObserver - Workflow completed -- saving trace file
Jan-23 14:51:38.404 [main] DEBUG nextflow.trace.ReportObserver - Workflow completed -- rendering execution report
Jan-23 14:51:38.773 [main] DEBUG nextflow.trace.TimelineObserver - Workflow completed -- rendering execution timeline
Jan-23 14:51:38.848 [main] DEBUG nextflow.cache.CacheDB - Closing CacheDB done
Jan-23 14:51:38.867 [main] DEBUG nextflow.util.ThreadPoolManager - Thread pool 'FileTransfer' shutdown completed (hard=false)
Jan-23 14:51:38.867 [main] DEBUG nextflow.script.ScriptRunner - > Execution complete -- Goodbye
